<?xml version="1.0" encoding="UTF-8" ?>
<testsuite tests="13" failures="0" name="MoneyTest" time="0.01" errors="0" skipped="0">
  <properties>
    <property name="java.runtime.name" value="Java(TM) SE Runtime Environment"/>
    <property name="sun.boot.library.path" value="/Applications/MyEclipse 2017 CI/MyEclipse 2017 CI.app/Contents/Profile/binary/com.sun.java.jdk8.macosx.x86_64_1.8.0.v112/jre/lib"/>
    <property name="java.vm.version" value="25.112-b16"/>
    <property name="gopherProxySet" value="false"/>
    <property name="java.vm.vendor" value="Oracle Corporation"/>
    <property name="maven.multiModuleProjectDirectory" value="/Users/chetHendrickson/Dropbox/ADS Server Files/Master use this not the site specific ones/Java/AdsPayroll"/>
    <property name="java.vendor.url" value="http://java.oracle.com/"/>
    <property name="path.separator" value=":"/>
    <property name="guice.disable.misplaced.annotation.check" value="true"/>
    <property name="java.vm.name" value="Java HotSpot(TM) 64-Bit Server VM"/>
    <property name="file.encoding.pkg" value="sun.io"/>
    <property name="user.country" value="US"/>
    <property name="sun.java.launcher" value="SUN_STANDARD"/>
    <property name="sun.os.patch.level" value="unknown"/>
    <property name="java.vm.specification.name" value="Java Virtual Machine Specification"/>
    <property name="user.dir" value="/Users/chetHendrickson/Dropbox/ADS Server Files/Master use this not the site specific ones/Java/AdsPayroll"/>
    <property name="java.runtime.version" value="1.8.0_112-b16"/>
    <property name="java.awt.graphicsenv" value="sun.awt.CGraphicsEnvironment"/>
    <property name="java.endorsed.dirs" value="/Applications/MyEclipse 2017 CI/MyEclipse 2017 CI.app/Contents/Profile/binary/com.sun.java.jdk8.macosx.x86_64_1.8.0.v112/jre/lib/endorsed"/>
    <property name="os.arch" value="x86_64"/>
    <property name="java.io.tmpdir" value="/var/folders/hc/4y5fdqqd3h51wxgzgvr7fxy40000gn/T/"/>
    <property name="line.separator" value="
"/>
    <property name="java.vm.specification.vendor" value="Oracle Corporation"/>
    <property name="os.name" value="Mac OS X"/>
    <property name="classworlds.conf" value="/Users/chetHendrickson/Workspaces/temp/.metadata/.plugins/org.eclipse.m2e.launching/launches/m2conf688925374519256194.tmp"/>
    <property name="sun.jnu.encoding" value="UTF-8"/>
    <property name="java.library.path" value="/Users/chetHendrickson/Library/Java/Extensions:/Library/Java/Extensions:/Network/Library/Java/Extensions:/System/Library/Java/Extensions:/usr/lib/java:."/>
    <property name="java.specification.name" value="Java Platform API Specification"/>
    <property name="java.class.version" value="52.0"/>
    <property name="sun.management.compiler" value="HotSpot 64-Bit Tiered Compilers"/>
    <property name="os.version" value="10.13.5"/>
    <property name="http.nonProxyHosts" value="local|*.local|169.254/16|*.169.254/16"/>
    <property name="user.home" value="/Users/chetHendrickson"/>
    <property name="user.timezone" value="America/Detroit"/>
    <property name="java.awt.printerjob" value="sun.lwawt.macosx.CPrinterJob"/>
    <property name="java.specification.version" value="1.8"/>
    <property name="file.encoding" value="UTF-8"/>
    <property name="user.name" value="chetHendrickson"/>
    <property name="java.class.path" value="/Applications/MyEclipse 2017 CI/MyEclipse 2017 CI.app/Contents/Profile/plugins/org.eclipse.m2e.maven.runtime_1.7.0.20160603-1931/jars/plexus-classworlds-2.5.2.jar"/>
    <property name="java.vm.specification.version" value="1.8"/>
    <property name="sun.arch.data.model" value="64"/>
    <property name="java.home" value="/Applications/MyEclipse 2017 CI/MyEclipse 2017 CI.app/Contents/Profile/binary/com.sun.java.jdk8.macosx.x86_64_1.8.0.v112/jre"/>
    <property name="sun.java.command" value="org.codehaus.plexus.classworlds.launcher.Launcher -B test"/>
    <property name="java.specification.vendor" value="Oracle Corporation"/>
    <property name="user.language" value="en"/>
    <property name="awt.toolkit" value="sun.lwawt.macosx.LWCToolkit"/>
    <property name="java.vm.info" value="mixed mode"/>
    <property name="java.version" value="1.8.0_112"/>
    <property name="java.ext.dirs" value="/Users/chetHendrickson/Library/Java/Extensions:/Applications/MyEclipse 2017 CI/MyEclipse 2017 CI.app/Contents/Profile/binary/com.sun.java.jdk8.macosx.x86_64_1.8.0.v112/jre/lib/ext:/Library/Java/Extensions:/Network/Library/Java/Extensions:/System/Library/Java/Extensions:/usr/lib/java"/>
    <property name="sun.boot.class.path" value="/Applications/MyEclipse 2017 CI/MyEclipse 2017 CI.app/Contents/Profile/binary/com.sun.java.jdk8.macosx.x86_64_1.8.0.v112/jre/lib/resources.jar:/Applications/MyEclipse 2017 CI/MyEclipse 2017 CI.app/Contents/Profile/binary/com.sun.java.jdk8.macosx.x86_64_1.8.0.v112/jre/lib/rt.jar:/Applications/MyEclipse 2017 CI/MyEclipse 2017 CI.app/Contents/Profile/binary/com.sun.java.jdk8.macosx.x86_64_1.8.0.v112/jre/lib/sunrsasign.jar:/Applications/MyEclipse 2017 CI/MyEclipse 2017 CI.app/Contents/Profile/binary/com.sun.java.jdk8.macosx.x86_64_1.8.0.v112/jre/lib/jsse.jar:/Applications/MyEclipse 2017 CI/MyEclipse 2017 CI.app/Contents/Profile/binary/com.sun.java.jdk8.macosx.x86_64_1.8.0.v112/jre/lib/jce.jar:/Applications/MyEclipse 2017 CI/MyEclipse 2017 CI.app/Contents/Profile/binary/com.sun.java.jdk8.macosx.x86_64_1.8.0.v112/jre/lib/charsets.jar:/Applications/MyEclipse 2017 CI/MyEclipse 2017 CI.app/Contents/Profile/binary/com.sun.java.jdk8.macosx.x86_64_1.8.0.v112/jre/lib/jfr.jar:/Applications/MyEclipse 2017 CI/MyEclipse 2017 CI.app/Contents/Profile/binary/com.sun.java.jdk8.macosx.x86_64_1.8.0.v112/jre/classes"/>
    <property name="java.vendor" value="Oracle Corporation"/>
    <property name="maven.home" value="/Users/chetHendrickson/Dropbox/ADS Server Files/Master use this not the site specific ones/Java/AdsPayroll/EMBEDDED"/>
    <property name="file.separator" value="/"/>
    <property name="java.vendor.url.bug" value="http://bugreport.sun.com/bugreport/"/>
    <property name="sun.cpu.endian" value="little"/>
    <property name="sun.io.unicode.encoding" value="UnicodeBig"/>
    <property name="socksNonProxyHosts" value="local|*.local|169.254/16|*.169.254/16"/>
    <property name="ftp.nonProxyHosts" value="local|*.local|169.254/16|*.169.254/16"/>
    <property name="sun.cpu.isalist" value=""/>
  </properties>
  <testcase classname="MoneyTest" name="creationTest" time="0.006"/>
  <testcase classname="MoneyTest" name="additionTest" time="0.002"/>
  <testcase classname="MoneyTest" name="ofTest" time="0"/>
  <testcase classname="MoneyTest" name="ofMinorTest" time="0"/>
  <testcase classname="MoneyTest" name="factoryTestUsingDouble" time="0"/>
  <testcase classname="MoneyTest" name="factoryTestUsingParse" time="0"/>
  <testcase classname="MoneyTest" name="cleanString" time="0"/>
  <testcase classname="MoneyTest" name="dollarAdditionTest" time="0"/>
  <testcase classname="MoneyTest" name="dollarSubractionTest" time="0"/>
  <testcase classname="MoneyTest" name="dollarMultipicationTest" time="0.002"/>
  <testcase classname="MoneyTest" name="dollarMultipicationByFractionTest" time="0"/>
  <testcase classname="MoneyTest" name="equalsTest" time="0"/>
  <testcase classname="MoneyTest" name="greaterThanTest" time="0"/>
</testsuite>